  [1m[35m (0.1ms)[0m  [1m[34mSELECT sqlite_version(*)[0m
  ↳ /home/learn/.rvm/gems/ruby-2.3.6/bin/rake:23
  [1m[35m (7.4ms)[0m  [1m[35mCREATE TABLE "schema_migrations" ("version" varchar NOT NULL PRIMARY KEY)[0m
  ↳ /home/learn/.rvm/gems/ruby-2.3.6/bin/rake:23
  [1m[35m (5.1ms)[0m  [1m[35mCREATE TABLE "ar_internal_metadata" ("key" varchar NOT NULL PRIMARY KEY, "value" varchar, "created_at" datetime NOT NULL, "updated_at" datetime NOT NULL)[0m
  ↳ /home/learn/.rvm/gems/ruby-2.3.6/bin/rake:23
  [1m[35m (0.1ms)[0m  [1m[34mSELECT "schema_migrations"."version" FROM "schema_migrations" ORDER BY "schema_migrations"."version" ASC[0m
  ↳ /home/learn/.rvm/gems/ruby-2.3.6/bin/rake:23
Migrating to CreatePlaces (20190313183249)
  [1m[35m (0.1ms)[0m  [1m[36mbegin transaction[0m
  ↳ /home/learn/.rvm/gems/ruby-2.3.6/bin/rake:23
  [1m[35m (2.1ms)[0m  [1m[35mCREATE TABLE "places" ("id" integer PRIMARY KEY AUTOINCREMENT NOT NULL, "title" varchar)[0m
  ↳ db/migrate/20190313183249_create_places.rb:3
  [1m[36mActiveRecord::SchemaMigration Create (2.4ms)[0m  [1m[32mINSERT INTO "schema_migrations" ("version") VALUES (?)[0m  [["version", "20190313183249"]]
  ↳ /home/learn/.rvm/gems/ruby-2.3.6/bin/rake:23
  [1m[35m (5.4ms)[0m  [1m[36mcommit transaction[0m
  ↳ /home/learn/.rvm/gems/ruby-2.3.6/bin/rake:23
  [1m[36mActiveRecord::InternalMetadata Load (0.2ms)[0m  [1m[34mSELECT  "ar_internal_metadata".* FROM "ar_internal_metadata" WHERE "ar_internal_metadata"."key" = ? LIMIT ?[0m  [["key", "environment"], ["LIMIT", 1]]
  ↳ /home/learn/.rvm/gems/ruby-2.3.6/bin/rake:23
  [1m[35m (0.1ms)[0m  [1m[36mbegin transaction[0m
  ↳ /home/learn/.rvm/gems/ruby-2.3.6/bin/rake:23
  [1m[36mActiveRecord::InternalMetadata Create (2.0ms)[0m  [1m[32mINSERT INTO "ar_internal_metadata" ("key", "value", "created_at", "updated_at") VALUES (?, ?, ?, ?)[0m  [["key", "environment"], ["value", "development"], ["created_at", "2019-03-13 18:36:33.108061"], ["updated_at", "2019-03-13 18:36:33.108061"]]
  ↳ /home/learn/.rvm/gems/ruby-2.3.6/bin/rake:23
  [1m[35m (5.3ms)[0m  [1m[36mcommit transaction[0m
  ↳ /home/learn/.rvm/gems/ruby-2.3.6/bin/rake:23
  [1m[35m (0.1ms)[0m  [1m[34mSELECT "schema_migrations"."version" FROM "schema_migrations" ORDER BY "schema_migrations"."version" ASC[0m
  ↳ /home/learn/.rvm/gems/ruby-2.3.6/bin/rake:23
  [1m[35m (0.1ms)[0m  [1m[34mSELECT "schema_migrations"."version" FROM "schema_migrations" ORDER BY "schema_migrations"."version" ASC[0m
  ↳ /home/learn/.rvm/gems/ruby-2.3.6/bin/rake:23
Migrating to AddNameToUsers (20190313184304)
  [1m[35m (0.1ms)[0m  [1m[36mbegin transaction[0m
  ↳ /home/learn/.rvm/gems/ruby-2.3.6/bin/rake:23
  [1m[35m (0.4ms)[0m  [1m[35mALTER TABLE "users" ADD "name" varchar[0m
  ↳ db/migrate/20190313184304_add_name_to_users.rb:3
  [1m[35m (0.1ms)[0m  [1m[31mrollback transaction[0m
  ↳ /home/learn/.rvm/gems/ruby-2.3.6/bin/rake:23
  [1m[35m (0.2ms)[0m  [1m[34mSELECT "schema_migrations"."version" FROM "schema_migrations" ORDER BY "schema_migrations"."version" ASC[0m
  ↳ /home/learn/.rvm/gems/ruby-2.3.6/bin/rake:23
Migrating to CreateUsers (20190313184815)
  [1m[35m (0.1ms)[0m  [1m[36mbegin transaction[0m
  ↳ /home/learn/.rvm/gems/ruby-2.3.6/bin/rake:23
  [1m[35m (0.1ms)[0m  [1m[34mSELECT sqlite_version(*)[0m
  ↳ db/migrate/20190313184815_create_users.rb:3
  [1m[35m (2.6ms)[0m  [1m[35mCREATE TABLE "users" ("id" integer PRIMARY KEY AUTOINCREMENT NOT NULL, "name" varchar, "password_digest" varchar, "admin" boolean DEFAULT 0, "uid" integer, "created_at" datetime NOT NULL, "updated_at" datetime NOT NULL)[0m
  ↳ db/migrate/20190313184815_create_users.rb:3
  [1m[36mActiveRecord::SchemaMigration Create (1.9ms)[0m  [1m[32mINSERT INTO "schema_migrations" ("version") VALUES (?)[0m  [["version", "20190313184815"]]
  ↳ /home/learn/.rvm/gems/ruby-2.3.6/bin/rake:23
  [1m[35m (10.5ms)[0m  [1m[36mcommit transaction[0m
  ↳ /home/learn/.rvm/gems/ruby-2.3.6/bin/rake:23
  [1m[36mActiveRecord::InternalMetadata Load (0.2ms)[0m  [1m[34mSELECT  "ar_internal_metadata".* FROM "ar_internal_metadata" WHERE "ar_internal_metadata"."key" = ? LIMIT ?[0m  [["key", "environment"], ["LIMIT", 1]]
  ↳ /home/learn/.rvm/gems/ruby-2.3.6/bin/rake:23
  [1m[35m (0.1ms)[0m  [1m[36mbegin transaction[0m
  ↳ /home/learn/.rvm/gems/ruby-2.3.6/bin/rake:23
  [1m[35m (0.0ms)[0m  [1m[36mcommit transaction[0m
  ↳ /home/learn/.rvm/gems/ruby-2.3.6/bin/rake:23
  [1m[35m (0.1ms)[0m  [1m[34mSELECT "schema_migrations"."version" FROM "schema_migrations" ORDER BY "schema_migrations"."version" ASC[0m
  ↳ /home/learn/.rvm/gems/ruby-2.3.6/bin/rake:23
